2017/04/24 18:59:38 [error] [exception.CHttpException.404] CHttpException: The requested page does not exist. in /srv/http/veber2/www/protected/modules/admin/controllers/ProductsController.php:149
Stack trace:
#0 /srv/http/veber2/www/protected/modules/admin/controllers/ProductsController.php(90): ProductsController->loadModel('vendors')
#1 [internal function]: ProductsController->actionUpdate('vendors')
#2 /srv/http/veber2/framework/web/actions/CAction.php(109): ReflectionMethod->invokeArgs(Object(ProductsController), Array)
#3 /srv/http/veber2/framework/web/actions/CInlineAction.php(47): CAction->runWithParamsInternal(Object(ProductsController), Object(ReflectionMethod), Array)
#4 /srv/http/veber2/framework/web/CController.php(308): CInlineAction->runWithParams(Array)
#5 /srv/http/veber2/framework/web/filters/CFilterChain.php(133): CController->runAction(Object(CInlineAction))
#6 /srv/http/veber2/framework/web/filters/CFilter.php(40): CFilterChain->run()
#7 /srv/http/veber2/framework/web/CController.php(1145): CFilter->filter(Object(CFilterChain))
#8 /srv/http/veber2/framework/web/filters/CInlineFilter.php(58): CController->filterAccessControl(Object(CFilterChain))
#9 /srv/http/veber2/framework/web/filters/CFilterChain.php(130): CInlineFilter->filter(Object(CFilterChain))
#10 /srv/http/veber2/framework/web/CController.php(291): CFilterChain->run()
#11 /srv/http/veber2/framework/web/CController.php(265): CController->runActionWithFilters(Object(CInlineAction), Array)
#12 /srv/http/veber2/framework/web/CWebApplication.php(282): CController->run('update')
#13 /srv/http/veber2/framework/web/CWebApplication.php(141): CWebApplication->runController('admin/products/...')
#14 /srv/http/veber2/framework/base/CApplication.php(185): CWebApplication->processRequest()
#15 /srv/http/veber2/www/index.php(13): CApplication->run()
#16 {main}
REQUEST_URI=/admin/products/update/id/vendors/modernizr-2.6.2-respond-1.1.0.min.js
HTTP_REFERER=http://veber2.loc/admin/products/update/id/1
---
2017/04/24 18:59:38 [error] [exception.CHttpException.404] CHttpException: The requested page does not exist. in /srv/http/veber2/www/protected/modules/admin/controllers/ProductsController.php:149
Stack trace:
#0 /srv/http/veber2/www/protected/modules/admin/controllers/ProductsController.php(90): ProductsController->loadModel('vendors')
#1 [internal function]: ProductsController->actionUpdate('vendors')
#2 /srv/http/veber2/framework/web/actions/CAction.php(109): ReflectionMethod->invokeArgs(Object(ProductsController), Array)
#3 /srv/http/veber2/framework/web/actions/CInlineAction.php(47): CAction->runWithParamsInternal(Object(ProductsController), Object(ReflectionMethod), Array)
#4 /srv/http/veber2/framework/web/CController.php(308): CInlineAction->runWithParams(Array)
#5 /srv/http/veber2/framework/web/filters/CFilterChain.php(133): CController->runAction(Object(CInlineAction))
#6 /srv/http/veber2/framework/web/filters/CFilter.php(40): CFilterChain->run()
#7 /srv/http/veber2/framework/web/CController.php(1145): CFilter->filter(Object(CFilterChain))
#8 /srv/http/veber2/framework/web/filters/CInlineFilter.php(58): CController->filterAccessControl(Object(CFilterChain))
#9 /srv/http/veber2/framework/web/filters/CFilterChain.php(130): CInlineFilter->filter(Object(CFilterChain))
#10 /srv/http/veber2/framework/web/CController.php(291): CFilterChain->run()
#11 /srv/http/veber2/framework/web/CController.php(265): CController->runActionWithFilters(Object(CInlineAction), Array)
#12 /srv/http/veber2/framework/web/CWebApplication.php(282): CController->run('update')
#13 /srv/http/veber2/framework/web/CWebApplication.php(141): CWebApplication->runController('admin/products/...')
#14 /srv/http/veber2/framework/base/CApplication.php(185): CWebApplication->processRequest()
#15 /srv/http/veber2/www/index.php(13): CApplication->run()
#16 {main}
REQUEST_URI=/admin/products/update/id/vendors/jquery-1.9.1.min.js
HTTP_REFERER=http://veber2.loc/admin/products/update/id/1
---
2017/04/24 18:59:38 [error] [exception.CHttpException.404] CHttpException: The requested page does not exist. in /srv/http/veber2/www/protected/modules/admin/controllers/ProductsController.php:149
Stack trace:
#0 /srv/http/veber2/www/protected/modules/admin/controllers/ProductsController.php(90): ProductsController->loadModel('bootstrap')
#1 [internal function]: ProductsController->actionUpdate('bootstrap')
#2 /srv/http/veber2/framework/web/actions/CAction.php(109): ReflectionMethod->invokeArgs(Object(ProductsController), Array)
#3 /srv/http/veber2/framework/web/actions/CInlineAction.php(47): CAction->runWithParamsInternal(Object(ProductsController), Object(ReflectionMethod), Array)
#4 /srv/http/veber2/framework/web/CController.php(308): CInlineAction->runWithParams(Array)
#5 /srv/http/veber2/framework/web/filters/CFilterChain.php(133): CController->runAction(Object(CInlineAction))
#6 /srv/http/veber2/framework/web/filters/CFilter.php(40): CFilterChain->run()
#7 /srv/http/veber2/framework/web/CController.php(1145): CFilter->filter(Object(CFilterChain))
#8 /srv/http/veber2/framework/web/filters/CInlineFilter.php(58): CController->filterAccessControl(Object(CFilterChain))
#9 /srv/http/veber2/framework/web/filters/CFilterChain.php(130): CInlineFilter->filter(Object(CFilterChain))
#10 /srv/http/veber2/framework/web/CController.php(291): CFilterChain->run()
#11 /srv/http/veber2/framework/web/CController.php(265): CController->runActionWithFilters(Object(CInlineAction), Array)
#12 /srv/http/veber2/framework/web/CWebApplication.php(282): CController->run('update')
#13 /srv/http/veber2/framework/web/CWebApplication.php(141): CWebApplication->runController('admin/products/...')
#14 /srv/http/veber2/framework/base/CApplication.php(185): CWebApplication->processRequest()
#15 /srv/http/veber2/www/index.php(13): CApplication->run()
#16 {main}
REQUEST_URI=/admin/products/update/id/bootstrap/js/bootstrap.min.js
HTTP_REFERER=http://veber2.loc/admin/products/update/id/1
---
2017/04/24 18:59:38 [error] [exception.CHttpException.404] CHttpException: The requested page does not exist. in /srv/http/veber2/www/protected/modules/admin/controllers/ProductsController.php:149
Stack trace:
#0 /srv/http/veber2/www/protected/modules/admin/controllers/ProductsController.php(90): ProductsController->loadModel('vendors')
#1 [internal function]: ProductsController->actionUpdate('vendors')
#2 /srv/http/veber2/framework/web/actions/CAction.php(109): ReflectionMethod->invokeArgs(Object(ProductsController), Array)
#3 /srv/http/veber2/framework/web/actions/CInlineAction.php(47): CAction->runWithParamsInternal(Object(ProductsController), Object(ReflectionMethod), Array)
#4 /srv/http/veber2/framework/web/CController.php(308): CInlineAction->runWithParams(Array)
#5 /srv/http/veber2/framework/web/filters/CFilterChain.php(133): CController->runAction(Object(CInlineAction))
#6 /srv/http/veber2/framework/web/filters/CFilter.php(40): CFilterChain->run()
#7 /srv/http/veber2/framework/web/CController.php(1145): CFilter->filter(Object(CFilterChain))
#8 /srv/http/veber2/framework/web/filters/CInlineFilter.php(58): CController->filterAccessControl(Object(CFilterChain))
#9 /srv/http/veber2/framework/web/filters/CFilterChain.php(130): CInlineFilter->filter(Object(CFilterChain))
#10 /srv/http/veber2/framework/web/CController.php(291): CFilterChain->run()
#11 /srv/http/veber2/framework/web/CController.php(265): CController->runActionWithFilters(Object(CInlineAction), Array)
#12 /srv/http/veber2/framework/web/CWebApplication.php(282): CController->run('update')
#13 /srv/http/veber2/framework/web/CWebApplication.php(141): CWebApplication->runController('admin/products/...')
#14 /srv/http/veber2/framework/base/CApplication.php(185): CWebApplication->processRequest()
#15 /srv/http/veber2/www/index.php(13): CApplication->run()
#16 {main}
REQUEST_URI=/admin/products/update/id/vendors/easypiechart/jquery.easy-pie-chart.js
HTTP_REFERER=http://veber2.loc/admin/products/update/id/1
---
2017/04/24 18:59:38 [error] [exception.CHttpException.404] CHttpException: The requested page does not exist. in /srv/http/veber2/www/protected/modules/admin/controllers/ProductsController.php:149
Stack trace:
#0 /srv/http/veber2/www/protected/modules/admin/controllers/ProductsController.php(90): ProductsController->loadModel('vendors')
#1 [internal function]: ProductsController->actionUpdate('vendors')
#2 /srv/http/veber2/framework/web/actions/CAction.php(109): ReflectionMethod->invokeArgs(Object(ProductsController), Array)
#3 /srv/http/veber2/framework/web/actions/CInlineAction.php(47): CAction->runWithParamsInternal(Object(ProductsController), Object(ReflectionMethod), Array)
#4 /srv/http/veber2/framework/web/CController.php(308): CInlineAction->runWithParams(Array)
#5 /srv/http/veber2/framework/web/filters/CFilterChain.php(133): CController->runAction(Object(CInlineAction))
#6 /srv/http/veber2/framework/web/filters/CFilter.php(40): CFilterChain->run()
#7 /srv/http/veber2/framework/web/CController.php(1145): CFilter->filter(Object(CFilterChain))
#8 /srv/http/veber2/framework/web/filters/CInlineFilter.php(58): CController->filterAccessControl(Object(CFilterChain))
#9 /srv/http/veber2/framework/web/filters/CFilterChain.php(130): CInlineFilter->filter(Object(CFilterChain))
#10 /srv/http/veber2/framework/web/CController.php(291): CFilterChain->run()
#11 /srv/http/veber2/framework/web/CController.php(265): CController->runActionWithFilters(Object(CInlineAction), Array)
#12 /srv/http/veber2/framework/web/CWebApplication.php(282): CController->run('update')
#13 /srv/http/veber2/framework/web/CWebApplication.php(141): CWebApplication->runController('admin/products/...')
#14 /srv/http/veber2/framework/base/CApplication.php(185): CWebApplication->processRequest()
#15 /srv/http/veber2/www/index.php(13): CApplication->run()
#16 {main}
REQUEST_URI=/admin/products/update/id/vendors/modernizr-2.6.2-respond-1.1.0.min.js
HTTP_REFERER=http://veber2.loc/admin/products/update/id/1
---
2017/04/24 18:59:38 [error] [exception.CHttpException.404] CHttpException: The requested page does not exist. in /srv/http/veber2/www/protected/modules/admin/controllers/ProductsController.php:149
Stack trace:
#0 /srv/http/veber2/www/protected/modules/admin/controllers/ProductsController.php(90): ProductsController->loadModel('assets')
#1 [internal function]: ProductsController->actionUpdate('assets')
#2 /srv/http/veber2/framework/web/actions/CAction.php(109): ReflectionMethod->invokeArgs(Object(ProductsController), Array)
#3 /srv/http/veber2/framework/web/actions/CInlineAction.php(47): CAction->runWithParamsInternal(Object(ProductsController), Object(ReflectionMethod), Array)
#4 /srv/http/veber2/framework/web/CController.php(308): CInlineAction->runWithParams(Array)
#5 /srv/http/veber2/framework/web/filters/CFilterChain.php(133): CController->runAction(Object(CInlineAction))
#6 /srv/http/veber2/framework/web/filters/CFilter.php(40): CFilterChain->run()
#7 /srv/http/veber2/framework/web/CController.php(1145): CFilter->filter(Object(CFilterChain))
#8 /srv/http/veber2/framework/web/filters/CInlineFilter.php(58): CController->filterAccessControl(Object(CFilterChain))
#9 /srv/http/veber2/framework/web/filters/CFilterChain.php(130): CInlineFilter->filter(Object(CFilterChain))
#10 /srv/http/veber2/framework/web/CController.php(291): CFilterChain->run()
#11 /srv/http/veber2/framework/web/CController.php(265): CController->runActionWithFilters(Object(CInlineAction), Array)
#12 /srv/http/veber2/framework/web/CWebApplication.php(282): CController->run('update')
#13 /srv/http/veber2/framework/web/CWebApplication.php(141): CWebApplication->runController('admin/products/...')
#14 /srv/http/veber2/framework/base/CApplication.php(185): CWebApplication->processRequest()
#15 /srv/http/veber2/www/index.php(13): CApplication->run()
#16 {main}
REQUEST_URI=/admin/products/update/id/assets/scripts.js
HTTP_REFERER=http://veber2.loc/admin/products/update/id/1
---
2017/04/24 18:59:38 [error] [exception.CHttpException.404] CHttpException: The requested page does not exist. in /srv/http/veber2/www/protected/modules/admin/controllers/ProductsController.php:149
Stack trace:
#0 /srv/http/veber2/www/protected/modules/admin/controllers/ProductsController.php(90): ProductsController->loadModel('vendors')
#1 [internal function]: ProductsController->actionUpdate('vendors')
#2 /srv/http/veber2/framework/web/actions/CAction.php(109): ReflectionMethod->invokeArgs(Object(ProductsController), Array)
#3 /srv/http/veber2/framework/web/actions/CInlineAction.php(47): CAction->runWithParamsInternal(Object(ProductsController), Object(ReflectionMethod), Array)
#4 /srv/http/veber2/framework/web/CController.php(308): CInlineAction->runWithParams(Array)
#5 /srv/http/veber2/framework/web/filters/CFilterChain.php(133): CController->runAction(Object(CInlineAction))
#6 /srv/http/veber2/framework/web/filters/CFilter.php(40): CFilterChain->run()
#7 /srv/http/veber2/framework/web/CController.php(1145): CFilter->filter(Object(CFilterChain))
#8 /srv/http/veber2/framework/web/filters/CInlineFilter.php(58): CController->filterAccessControl(Object(CFilterChain))
#9 /srv/http/veber2/framework/web/filters/CFilterChain.php(130): CInlineFilter->filter(Object(CFilterChain))
#10 /srv/http/veber2/framework/web/CController.php(291): CFilterChain->run()
#11 /srv/http/veber2/framework/web/CController.php(265): CController->runActionWithFilters(Object(CInlineAction), Array)
#12 /srv/http/veber2/framework/web/CWebApplication.php(282): CController->run('update')
#13 /srv/http/veber2/framework/web/CWebApplication.php(141): CWebApplication->runController('admin/products/...')
#14 /srv/http/veber2/framework/base/CApplication.php(185): CWebApplication->processRequest()
#15 /srv/http/veber2/www/index.php(13): CApplication->run()
#16 {main}
REQUEST_URI=/admin/products/update/id/vendors/jquery-1.9.1.min.js
HTTP_REFERER=http://veber2.loc/admin/products/update/id/1
---
2017/04/24 18:59:38 [error] [exception.CHttpException.404] CHttpException: The requested page does not exist. in /srv/http/veber2/www/protected/modules/admin/controllers/ProductsController.php:149
Stack trace:
#0 /srv/http/veber2/www/protected/modules/admin/controllers/ProductsController.php(90): ProductsController->loadModel('bootstrap')
#1 [internal function]: ProductsController->actionUpdate('bootstrap')
#2 /srv/http/veber2/framework/web/actions/CAction.php(109): ReflectionMethod->invokeArgs(Object(ProductsController), Array)
#3 /srv/http/veber2/framework/web/actions/CInlineAction.php(47): CAction->runWithParamsInternal(Object(ProductsController), Object(ReflectionMethod), Array)
#4 /srv/http/veber2/framework/web/CController.php(308): CInlineAction->runWithParams(Array)
#5 /srv/http/veber2/framework/web/filters/CFilterChain.php(133): CController->runAction(Object(CInlineAction))
#6 /srv/http/veber2/framework/web/filters/CFilter.php(40): CFilterChain->run()
#7 /srv/http/veber2/framework/web/CController.php(1145): CFilter->filter(Object(CFilterChain))
#8 /srv/http/veber2/framework/web/filters/CInlineFilter.php(58): CController->filterAccessControl(Object(CFilterChain))
#9 /srv/http/veber2/framework/web/filters/CFilterChain.php(130): CInlineFilter->filter(Object(CFilterChain))
#10 /srv/http/veber2/framework/web/CController.php(291): CFilterChain->run()
#11 /srv/http/veber2/framework/web/CController.php(265): CController->runActionWithFilters(Object(CInlineAction), Array)
#12 /srv/http/veber2/framework/web/CWebApplication.php(282): CController->run('update')
#13 /srv/http/veber2/framework/web/CWebApplication.php(141): CWebApplication->runController('admin/products/...')
#14 /srv/http/veber2/framework/base/CApplication.php(185): CWebApplication->processRequest()
#15 /srv/http/veber2/www/index.php(13): CApplication->run()
#16 {main}
REQUEST_URI=/admin/products/update/id/bootstrap/js/bootstrap.min.js
HTTP_REFERER=http://veber2.loc/admin/products/update/id/1
---
2017/04/24 18:59:38 [error] [exception.CHttpException.404] CHttpException: The requested page does not exist. in /srv/http/veber2/www/protected/modules/admin/controllers/ProductsController.php:149
Stack trace:
#0 /srv/http/veber2/www/protected/modules/admin/controllers/ProductsController.php(90): ProductsController->loadModel('vendors')
#1 [internal function]: ProductsController->actionUpdate('vendors')
#2 /srv/http/veber2/framework/web/actions/CAction.php(109): ReflectionMethod->invokeArgs(Object(ProductsController), Array)
#3 /srv/http/veber2/framework/web/actions/CInlineAction.php(47): CAction->runWithParamsInternal(Object(ProductsController), Object(ReflectionMethod), Array)
#4 /srv/http/veber2/framework/web/CController.php(308): CInlineAction->runWithParams(Array)
#5 /srv/http/veber2/framework/web/filters/CFilterChain.php(133): CController->runAction(Object(CInlineAction))
#6 /srv/http/veber2/framework/web/filters/CFilter.php(40): CFilterChain->run()
#7 /srv/http/veber2/framework/web/CController.php(1145): CFilter->filter(Object(CFilterChain))
#8 /srv/http/veber2/framework/web/filters/CInlineFilter.php(58): CController->filterAccessControl(Object(CFilterChain))
#9 /srv/http/veber2/framework/web/filters/CFilterChain.php(130): CInlineFilter->filter(Object(CFilterChain))
#10 /srv/http/veber2/framework/web/CController.php(291): CFilterChain->run()
#11 /srv/http/veber2/framework/web/CController.php(265): CController->runActionWithFilters(Object(CInlineAction), Array)
#12 /srv/http/veber2/framework/web/CWebApplication.php(282): CController->run('update')
#13 /srv/http/veber2/framework/web/CWebApplication.php(141): CWebApplication->runController('admin/products/...')
#14 /srv/http/veber2/framework/base/CApplication.php(185): CWebApplication->processRequest()
#15 /srv/http/veber2/www/index.php(13): CApplication->run()
#16 {main}
REQUEST_URI=/admin/products/update/id/vendors/easypiechart/jquery.easy-pie-chart.js
HTTP_REFERER=http://veber2.loc/admin/products/update/id/1
---
2017/04/24 18:59:38 [error] [exception.CHttpException.404] CHttpException: The requested page does not exist. in /srv/http/veber2/www/protected/modules/admin/controllers/ProductsController.php:149
Stack trace:
#0 /srv/http/veber2/www/protected/modules/admin/controllers/ProductsController.php(90): ProductsController->loadModel('assets')
#1 [internal function]: ProductsController->actionUpdate('assets')
#2 /srv/http/veber2/framework/web/actions/CAction.php(109): ReflectionMethod->invokeArgs(Object(ProductsController), Array)
#3 /srv/http/veber2/framework/web/actions/CInlineAction.php(47): CAction->runWithParamsInternal(Object(ProductsController), Object(ReflectionMethod), Array)
#4 /srv/http/veber2/framework/web/CController.php(308): CInlineAction->runWithParams(Array)
#5 /srv/http/veber2/framework/web/filters/CFilterChain.php(133): CController->runAction(Object(CInlineAction))
#6 /srv/http/veber2/framework/web/filters/CFilter.php(40): CFilterChain->run()
#7 /srv/http/veber2/framework/web/CController.php(1145): CFilter->filter(Object(CFilterChain))
#8 /srv/http/veber2/framework/web/filters/CInlineFilter.php(58): CController->filterAccessControl(Object(CFilterChain))
#9 /srv/http/veber2/framework/web/filters/CFilterChain.php(130): CInlineFilter->filter(Object(CFilterChain))
#10 /srv/http/veber2/framework/web/CController.php(291): CFilterChain->run()
#11 /srv/http/veber2/framework/web/CController.php(265): CController->runActionWithFilters(Object(CInlineAction), Array)
#12 /srv/http/veber2/framework/web/CWebApplication.php(282): CController->run('update')
#13 /srv/http/veber2/framework/web/CWebApplication.php(141): CWebApplication->runController('admin/products/...')
#14 /srv/http/veber2/framework/base/CApplication.php(185): CWebApplication->processRequest()
#15 /srv/http/veber2/www/index.php(13): CApplication->run()
#16 {main}
REQUEST_URI=/admin/products/update/id/assets/scripts.js
HTTP_REFERER=http://veber2.loc/admin/products/update/id/1
---
2017/04/24 18:59:38 [error] [exception.CHttpException.404] CHttpException: Невозможно обработать запрос "assets/f204f146/contents.css". in /srv/http/veber2/framework/web/CWebApplication.php:286
Stack trace:
#0 /srv/http/veber2/framework/web/CWebApplication.php(141): CWebApplication->runController('assets/f204f146...')
#1 /srv/http/veber2/framework/base/CApplication.php(185): CWebApplication->processRequest()
#2 /srv/http/veber2/www/index.php(13): CApplication->run()
#3 {main}
REQUEST_URI=/assets/f204f146/contents.css
---
2017/04/24 19:02:44 [error] [exception.CHttpException.404] CHttpException: The requested page does not exist. in /srv/http/veber2/www/protected/modules/admin/controllers/ProductsController.php:149
Stack trace:
#0 /srv/http/veber2/www/protected/modules/admin/controllers/ProductsController.php(90): ProductsController->loadModel('vendors')
#1 [internal function]: ProductsController->actionUpdate('vendors')
#2 /srv/http/veber2/framework/web/actions/CAction.php(109): ReflectionMethod->invokeArgs(Object(ProductsController), Array)
#3 /srv/http/veber2/framework/web/actions/CInlineAction.php(47): CAction->runWithParamsInternal(Object(ProductsController), Object(ReflectionMethod), Array)
#4 /srv/http/veber2/framework/web/CController.php(308): CInlineAction->runWithParams(Array)
#5 /srv/http/veber2/framework/web/filters/CFilterChain.php(133): CController->runAction(Object(CInlineAction))
#6 /srv/http/veber2/framework/web/filters/CFilter.php(40): CFilterChain->run()
#7 /srv/http/veber2/framework/web/CController.php(1145): CFilter->filter(Object(CFilterChain))
#8 /srv/http/veber2/framework/web/filters/CInlineFilter.php(58): CController->filterAccessControl(Object(CFilterChain))
#9 /srv/http/veber2/framework/web/filters/CFilterChain.php(130): CInlineFilter->filter(Object(CFilterChain))
#10 /srv/http/veber2/framework/web/CController.php(291): CFilterChain->run()
#11 /srv/http/veber2/framework/web/CController.php(265): CController->runActionWithFilters(Object(CInlineAction), Array)
#12 /srv/http/veber2/framework/web/CWebApplication.php(282): CController->run('update')
#13 /srv/http/veber2/framework/web/CWebApplication.php(141): CWebApplication->runController('admin/products/...')
#14 /srv/http/veber2/framework/base/CApplication.php(185): CWebApplication->processRequest()
#15 /srv/http/veber2/www/index.php(13): CApplication->run()
#16 {main}
REQUEST_URI=/admin/products/update/id/vendors/modernizr-2.6.2-respond-1.1.0.min.js
HTTP_REFERER=http://veber2.loc/admin/products/update/id/1
---
2017/04/24 19:02:44 [error] [exception.CHttpException.404] CHttpException: The requested page does not exist. in /srv/http/veber2/www/protected/modules/admin/controllers/ProductsController.php:149
Stack trace:
#0 /srv/http/veber2/www/protected/modules/admin/controllers/ProductsController.php(90): ProductsController->loadModel('vendors')
#1 [internal function]: ProductsController->actionUpdate('vendors')
#2 /srv/http/veber2/framework/web/actions/CAction.php(109): ReflectionMethod->invokeArgs(Object(ProductsController), Array)
#3 /srv/http/veber2/framework/web/actions/CInlineAction.php(47): CAction->runWithParamsInternal(Object(ProductsController), Object(ReflectionMethod), Array)
#4 /srv/http/veber2/framework/web/CController.php(308): CInlineAction->runWithParams(Array)
#5 /srv/http/veber2/framework/web/filters/CFilterChain.php(133): CController->runAction(Object(CInlineAction))
#6 /srv/http/veber2/framework/web/filters/CFilter.php(40): CFilterChain->run()
#7 /srv/http/veber2/framework/web/CController.php(1145): CFilter->filter(Object(CFilterChain))
#8 /srv/http/veber2/framework/web/filters/CInlineFilter.php(58): CController->filterAccessControl(Object(CFilterChain))
#9 /srv/http/veber2/framework/web/filters/CFilterChain.php(130): CInlineFilter->filter(Object(CFilterChain))
#10 /srv/http/veber2/framework/web/CController.php(291): CFilterChain->run()
#11 /srv/http/veber2/framework/web/CController.php(265): CController->runActionWithFilters(Object(CInlineAction), Array)
#12 /srv/http/veber2/framework/web/CWebApplication.php(282): CController->run('update')
#13 /srv/http/veber2/framework/web/CWebApplication.php(141): CWebApplication->runController('admin/products/...')
#14 /srv/http/veber2/framework/base/CApplication.php(185): CWebApplication->processRequest()
#15 /srv/http/veber2/www/index.php(13): CApplication->run()
#16 {main}
REQUEST_URI=/admin/products/update/id/vendors/jquery-1.9.1.min.js
HTTP_REFERER=http://veber2.loc/admin/products/update/id/1
---
2017/04/24 19:02:44 [error] [exception.CHttpException.404] CHttpException: The requested page does not exist. in /srv/http/veber2/www/protected/modules/admin/controllers/ProductsController.php:149
Stack trace:
#0 /srv/http/veber2/www/protected/modules/admin/controllers/ProductsController.php(90): ProductsController->loadModel('bootstrap')
#1 [internal function]: ProductsController->actionUpdate('bootstrap')
#2 /srv/http/veber2/framework/web/actions/CAction.php(109): ReflectionMethod->invokeArgs(Object(ProductsController), Array)
#3 /srv/http/veber2/framework/web/actions/CInlineAction.php(47): CAction->runWithParamsInternal(Object(ProductsController), Object(ReflectionMethod), Array)
#4 /srv/http/veber2/framework/web/CController.php(308): CInlineAction->runWithParams(Array)
#5 /srv/http/veber2/framework/web/filters/CFilterChain.php(133): CController->runAction(Object(CInlineAction))
#6 /srv/http/veber2/framework/web/filters/CFilter.php(40): CFilterChain->run()
#7 /srv/http/veber2/framework/web/CController.php(1145): CFilter->filter(Object(CFilterChain))
#8 /srv/http/veber2/framework/web/filters/CInlineFilter.php(58): CController->filterAccessControl(Object(CFilterChain))
#9 /srv/http/veber2/framework/web/filters/CFilterChain.php(130): CInlineFilter->filter(Object(CFilterChain))
#10 /srv/http/veber2/framework/web/CController.php(291): CFilterChain->run()
#11 /srv/http/veber2/framework/web/CController.php(265): CController->runActionWithFilters(Object(CInlineAction), Array)
#12 /srv/http/veber2/framework/web/CWebApplication.php(282): CController->run('update')
#13 /srv/http/veber2/framework/web/CWebApplication.php(141): CWebApplication->runController('admin/products/...')
#14 /srv/http/veber2/framework/base/CApplication.php(185): CWebApplication->processRequest()
#15 /srv/http/veber2/www/index.php(13): CApplication->run()
#16 {main}
REQUEST_URI=/admin/products/update/id/bootstrap/js/bootstrap.min.js
HTTP_REFERER=http://veber2.loc/admin/products/update/id/1
---
2017/04/24 19:02:44 [error] [exception.CHttpException.404] CHttpException: The requested page does not exist. in /srv/http/veber2/www/protected/modules/admin/controllers/ProductsController.php:149
Stack trace:
#0 /srv/http/veber2/www/protected/modules/admin/controllers/ProductsController.php(90): ProductsController->loadModel('vendors')
#1 [internal function]: ProductsController->actionUpdate('vendors')
#2 /srv/http/veber2/framework/web/actions/CAction.php(109): ReflectionMethod->invokeArgs(Object(ProductsController), Array)
#3 /srv/http/veber2/framework/web/actions/CInlineAction.php(47): CAction->runWithParamsInternal(Object(ProductsController), Object(ReflectionMethod), Array)
#4 /srv/http/veber2/framework/web/CController.php(308): CInlineAction->runWithParams(Array)
#5 /srv/http/veber2/framework/web/filters/CFilterChain.php(133): CController->runAction(Object(CInlineAction))
#6 /srv/http/veber2/framework/web/filters/CFilter.php(40): CFilterChain->run()
#7 /srv/http/veber2/framework/web/CController.php(1145): CFilter->filter(Object(CFilterChain))
#8 /srv/http/veber2/framework/web/filters/CInlineFilter.php(58): CController->filterAccessControl(Object(CFilterChain))
#9 /srv/http/veber2/framework/web/filters/CFilterChain.php(130): CInlineFilter->filter(Object(CFilterChain))
#10 /srv/http/veber2/framework/web/CController.php(291): CFilterChain->run()
#11 /srv/http/veber2/framework/web/CController.php(265): CController->runActionWithFilters(Object(CInlineAction), Array)
#12 /srv/http/veber2/framework/web/CWebApplication.php(282): CController->run('update')
#13 /srv/http/veber2/framework/web/CWebApplication.php(141): CWebApplication->runController('admin/products/...')
#14 /srv/http/veber2/framework/base/CApplication.php(185): CWebApplication->processRequest()
#15 /srv/http/veber2/www/index.php(13): CApplication->run()
#16 {main}
REQUEST_URI=/admin/products/update/id/vendors/easypiechart/jquery.easy-pie-chart.js
HTTP_REFERER=http://veber2.loc/admin/products/update/id/1
---
2017/04/24 19:02:44 [error] [exception.CHttpException.404] CHttpException: The requested page does not exist. in /srv/http/veber2/www/protected/modules/admin/controllers/ProductsController.php:149
Stack trace:
#0 /srv/http/veber2/www/protected/modules/admin/controllers/ProductsController.php(90): ProductsController->loadModel('assets')
#1 [internal function]: ProductsController->actionUpdate('assets')
#2 /srv/http/veber2/framework/web/actions/CAction.php(109): ReflectionMethod->invokeArgs(Object(ProductsController), Array)
#3 /srv/http/veber2/framework/web/actions/CInlineAction.php(47): CAction->runWithParamsInternal(Object(ProductsController), Object(ReflectionMethod), Array)
#4 /srv/http/veber2/framework/web/CController.php(308): CInlineAction->runWithParams(Array)
#5 /srv/http/veber2/framework/web/filters/CFilterChain.php(133): CController->runAction(Object(CInlineAction))
#6 /srv/http/veber2/framework/web/filters/CFilter.php(40): CFilterChain->run()
#7 /srv/http/veber2/framework/web/CController.php(1145): CFilter->filter(Object(CFilterChain))
#8 /srv/http/veber2/framework/web/filters/CInlineFilter.php(58): CController->filterAccessControl(Object(CFilterChain))
#9 /srv/http/veber2/framework/web/filters/CFilterChain.php(130): CInlineFilter->filter(Object(CFilterChain))
#10 /srv/http/veber2/framework/web/CController.php(291): CFilterChain->run()
#11 /srv/http/veber2/framework/web/CController.php(265): CController->runActionWithFilters(Object(CInlineAction), Array)
#12 /srv/http/veber2/framework/web/CWebApplication.php(282): CController->run('update')
#13 /srv/http/veber2/framework/web/CWebApplication.php(141): CWebApplication->runController('admin/products/...')
#14 /srv/http/veber2/framework/base/CApplication.php(185): CWebApplication->processRequest()
#15 /srv/http/veber2/www/index.php(13): CApplication->run()
#16 {main}
REQUEST_URI=/admin/products/update/id/assets/scripts.js
HTTP_REFERER=http://veber2.loc/admin/products/update/id/1
---
2017/04/24 19:02:44 [error] [exception.CHttpException.404] CHttpException: The requested page does not exist. in /srv/http/veber2/www/protected/modules/admin/controllers/ProductsController.php:149
Stack trace:
#0 /srv/http/veber2/www/protected/modules/admin/controllers/ProductsController.php(90): ProductsController->loadModel('vendors')
#1 [internal function]: ProductsController->actionUpdate('vendors')
#2 /srv/http/veber2/framework/web/actions/CAction.php(109): ReflectionMethod->invokeArgs(Object(ProductsController), Array)
#3 /srv/http/veber2/framework/web/actions/CInlineAction.php(47): CAction->runWithParamsInternal(Object(ProductsController), Object(ReflectionMethod), Array)
#4 /srv/http/veber2/framework/web/CController.php(308): CInlineAction->runWithParams(Array)
#5 /srv/http/veber2/framework/web/filters/CFilterChain.php(133): CController->runAction(Object(CInlineAction))
#6 /srv/http/veber2/framework/web/filters/CFilter.php(40): CFilterChain->run()
#7 /srv/http/veber2/framework/web/CController.php(1145): CFilter->filter(Object(CFilterChain))
#8 /srv/http/veber2/framework/web/filters/CInlineFilter.php(58): CController->filterAccessControl(Object(CFilterChain))
#9 /srv/http/veber2/framework/web/filters/CFilterChain.php(130): CInlineFilter->filter(Object(CFilterChain))
#10 /srv/http/veber2/framework/web/CController.php(291): CFilterChain->run()
#11 /srv/http/veber2/framework/web/CController.php(265): CController->runActionWithFilters(Object(CInlineAction), Array)
#12 /srv/http/veber2/framework/web/CWebApplication.php(282): CController->run('update')
#13 /srv/http/veber2/framework/web/CWebApplication.php(141): CWebApplication->runController('admin/products/...')
#14 /srv/http/veber2/framework/base/CApplication.php(185): CWebApplication->processRequest()
#15 /srv/http/veber2/www/index.php(13): CApplication->run()
#16 {main}
REQUEST_URI=/admin/products/update/id/vendors/jquery-1.9.1.min.js
HTTP_REFERER=http://veber2.loc/admin/products/update/id/1
---
2017/04/24 19:02:44 [error] [exception.CHttpException.404] CHttpException: The requested page does not exist. in /srv/http/veber2/www/protected/modules/admin/controllers/ProductsController.php:149
Stack trace:
#0 /srv/http/veber2/www/protected/modules/admin/controllers/ProductsController.php(90): ProductsController->loadModel('bootstrap')
#1 [internal function]: ProductsController->actionUpdate('bootstrap')
#2 /srv/http/veber2/framework/web/actions/CAction.php(109): ReflectionMethod->invokeArgs(Object(ProductsController), Array)
#3 /srv/http/veber2/framework/web/actions/CInlineAction.php(47): CAction->runWithParamsInternal(Object(ProductsController), Object(ReflectionMethod), Array)
#4 /srv/http/veber2/framework/web/CController.php(308): CInlineAction->runWithParams(Array)
#5 /srv/http/veber2/framework/web/filters/CFilterChain.php(133): CController->runAction(Object(CInlineAction))
#6 /srv/http/veber2/framework/web/filters/CFilter.php(40): CFilterChain->run()
#7 /srv/http/veber2/framework/web/CController.php(1145): CFilter->filter(Object(CFilterChain))
#8 /srv/http/veber2/framework/web/filters/CInlineFilter.php(58): CController->filterAccessControl(Object(CFilterChain))
#9 /srv/http/veber2/framework/web/filters/CFilterChain.php(130): CInlineFilter->filter(Object(CFilterChain))
#10 /srv/http/veber2/framework/web/CController.php(291): CFilterChain->run()
#11 /srv/http/veber2/framework/web/CController.php(265): CController->runActionWithFilters(Object(CInlineAction), Array)
#12 /srv/http/veber2/framework/web/CWebApplication.php(282): CController->run('update')
#13 /srv/http/veber2/framework/web/CWebApplication.php(141): CWebApplication->runController('admin/products/...')
#14 /srv/http/veber2/framework/base/CApplication.php(185): CWebApplication->processRequest()
#15 /srv/http/veber2/www/index.php(13): CApplication->run()
#16 {main}
REQUEST_URI=/admin/products/update/id/bootstrap/js/bootstrap.min.js
HTTP_REFERER=http://veber2.loc/admin/products/update/id/1
---
2017/04/24 19:02:44 [error] [exception.CHttpException.404] CHttpException: The requested page does not exist. in /srv/http/veber2/www/protected/modules/admin/controllers/ProductsController.php:149
Stack trace:
#0 /srv/http/veber2/www/protected/modules/admin/controllers/ProductsController.php(90): ProductsController->loadModel('vendors')
#1 [internal function]: ProductsController->actionUpdate('vendors')
#2 /srv/http/veber2/framework/web/actions/CAction.php(109): ReflectionMethod->invokeArgs(Object(ProductsController), Array)
#3 /srv/http/veber2/framework/web/actions/CInlineAction.php(47): CAction->runWithParamsInternal(Object(ProductsController), Object(ReflectionMethod), Array)
#4 /srv/http/veber2/framework/web/CController.php(308): CInlineAction->runWithParams(Array)
#5 /srv/http/veber2/framework/web/filters/CFilterChain.php(133): CController->runAction(Object(CInlineAction))
#6 /srv/http/veber2/framework/web/filters/CFilter.php(40): CFilterChain->run()
#7 /srv/http/veber2/framework/web/CController.php(1145): CFilter->filter(Object(CFilterChain))
#8 /srv/http/veber2/framework/web/filters/CInlineFilter.php(58): CController->filterAccessControl(Object(CFilterChain))
#9 /srv/http/veber2/framework/web/filters/CFilterChain.php(130): CInlineFilter->filter(Object(CFilterChain))
#10 /srv/http/veber2/framework/web/CController.php(291): CFilterChain->run()
#11 /srv/http/veber2/framework/web/CController.php(265): CController->runActionWithFilters(Object(CInlineAction), Array)
#12 /srv/http/veber2/framework/web/CWebApplication.php(282): CController->run('update')
#13 /srv/http/veber2/framework/web/CWebApplication.php(141): CWebApplication->runController('admin/products/...')
#14 /srv/http/veber2/framework/base/CApplication.php(185): CWebApplication->processRequest()
#15 /srv/http/veber2/www/index.php(13): CApplication->run()
#16 {main}
REQUEST_URI=/admin/products/update/id/vendors/easypiechart/jquery.easy-pie-chart.js
HTTP_REFERER=http://veber2.loc/admin/products/update/id/1
---
2017/04/24 19:02:44 [error] [exception.CHttpException.404] CHttpException: The requested page does not exist. in /srv/http/veber2/www/protected/modules/admin/controllers/ProductsController.php:149
Stack trace:
#0 /srv/http/veber2/www/protected/modules/admin/controllers/ProductsController.php(90): ProductsController->loadModel('assets')
#1 [internal function]: ProductsController->actionUpdate('assets')
#2 /srv/http/veber2/framework/web/actions/CAction.php(109): ReflectionMethod->invokeArgs(Object(ProductsController), Array)
#3 /srv/http/veber2/framework/web/actions/CInlineAction.php(47): CAction->runWithParamsInternal(Object(ProductsController), Object(ReflectionMethod), Array)
#4 /srv/http/veber2/framework/web/CController.php(308): CInlineAction->runWithParams(Array)
#5 /srv/http/veber2/framework/web/filters/CFilterChain.php(133): CController->runAction(Object(CInlineAction))
#6 /srv/http/veber2/framework/web/filters/CFilter.php(40): CFilterChain->run()
#7 /srv/http/veber2/framework/web/CController.php(1145): CFilter->filter(Object(CFilterChain))
#8 /srv/http/veber2/framework/web/filters/CInlineFilter.php(58): CController->filterAccessControl(Object(CFilterChain))
#9 /srv/http/veber2/framework/web/filters/CFilterChain.php(130): CInlineFilter->filter(Object(CFilterChain))
#10 /srv/http/veber2/framework/web/CController.php(291): CFilterChain->run()
#11 /srv/http/veber2/framework/web/CController.php(265): CController->runActionWithFilters(Object(CInlineAction), Array)
#12 /srv/http/veber2/framework/web/CWebApplication.php(282): CController->run('update')
#13 /srv/http/veber2/framework/web/CWebApplication.php(141): CWebApplication->runController('admin/products/...')
#14 /srv/http/veber2/framework/base/CApplication.php(185): CWebApplication->processRequest()
#15 /srv/http/veber2/www/index.php(13): CApplication->run()
#16 {main}
REQUEST_URI=/admin/products/update/id/assets/scripts.js
HTTP_REFERER=http://veber2.loc/admin/products/update/id/1
---
2017/04/24 19:02:44 [error] [exception.CHttpException.404] CHttpException: Невозможно обработать запрос "assets/f204f146/contents.css". in /srv/http/veber2/framework/web/CWebApplication.php:286
Stack trace:
#0 /srv/http/veber2/framework/web/CWebApplication.php(141): CWebApplication->runController('assets/f204f146...')
#1 /srv/http/veber2/framework/base/CApplication.php(185): CWebApplication->processRequest()
#2 /srv/http/veber2/www/index.php(13): CApplication->run()
#3 {main}
REQUEST_URI=/assets/f204f146/contents.css
---
2017/04/24 19:02:48 [error] [exception.CHttpException.404] CHttpException: The requested page does not exist. in /srv/http/veber2/www/protected/modules/admin/controllers/ProductsController.php:149
Stack trace:
#0 /srv/http/veber2/www/protected/modules/admin/controllers/ProductsController.php(90): ProductsController->loadModel('vendors')
#1 [internal function]: ProductsController->actionUpdate('vendors')
#2 /srv/http/veber2/framework/web/actions/CAction.php(109): ReflectionMethod->invokeArgs(Object(ProductsController), Array)
#3 /srv/http/veber2/framework/web/actions/CInlineAction.php(47): CAction->runWithParamsInternal(Object(ProductsController), Object(ReflectionMethod), Array)
#4 /srv/http/veber2/framework/web/CController.php(308): CInlineAction->runWithParams(Array)
#5 /srv/http/veber2/framework/web/filters/CFilterChain.php(133): CController->runAction(Object(CInlineAction))
#6 /srv/http/veber2/framework/web/filters/CFilter.php(40): CFilterChain->run()
#7 /srv/http/veber2/framework/web/CController.php(1145): CFilter->filter(Object(CFilterChain))
#8 /srv/http/veber2/framework/web/filters/CInlineFilter.php(58): CController->filterAccessControl(Object(CFilterChain))
#9 /srv/http/veber2/framework/web/filters/CFilterChain.php(130): CInlineFilter->filter(Object(CFilterChain))
#10 /srv/http/veber2/framework/web/CController.php(291): CFilterChain->run()
#11 /srv/http/veber2/framework/web/CController.php(265): CController->runActionWithFilters(Object(CInlineAction), Array)
#12 /srv/http/veber2/framework/web/CWebApplication.php(282): CController->run('update')
#13 /srv/http/veber2/framework/web/CWebApplication.php(141): CWebApplication->runController('admin/products/...')
#14 /srv/http/veber2/framework/base/CApplication.php(185): CWebApplication->processRequest()
#15 /srv/http/veber2/www/index.php(13): CApplication->run()
#16 {main}
REQUEST_URI=/admin/products/update/id/vendors/modernizr-2.6.2-respond-1.1.0.min.js
HTTP_REFERER=http://veber2.loc/admin/products/update/id/1
---
2017/04/24 19:02:48 [error] [exception.CHttpException.404] CHttpException: The requested page does not exist. in /srv/http/veber2/www/protected/modules/admin/controllers/ProductsController.php:149
Stack trace:
#0 /srv/http/veber2/www/protected/modules/admin/controllers/ProductsController.php(90): ProductsController->loadModel('vendors')
#1 [internal function]: ProductsController->actionUpdate('vendors')
#2 /srv/http/veber2/framework/web/actions/CAction.php(109): ReflectionMethod->invokeArgs(Object(ProductsController), Array)
#3 /srv/http/veber2/framework/web/actions/CInlineAction.php(47): CAction->runWithParamsInternal(Object(ProductsController), Object(ReflectionMethod), Array)
#4 /srv/http/veber2/framework/web/CController.php(308): CInlineAction->runWithParams(Array)
#5 /srv/http/veber2/framework/web/filters/CFilterChain.php(133): CController->runAction(Object(CInlineAction))
#6 /srv/http/veber2/framework/web/filters/CFilter.php(40): CFilterChain->run()
#7 /srv/http/veber2/framework/web/CController.php(1145): CFilter->filter(Object(CFilterChain))
#8 /srv/http/veber2/framework/web/filters/CInlineFilter.php(58): CController->filterAccessControl(Object(CFilterChain))
#9 /srv/http/veber2/framework/web/filters/CFilterChain.php(130): CInlineFilter->filter(Object(CFilterChain))
#10 /srv/http/veber2/framework/web/CController.php(291): CFilterChain->run()
#11 /srv/http/veber2/framework/web/CController.php(265): CController->runActionWithFilters(Object(CInlineAction), Array)
#12 /srv/http/veber2/framework/web/CWebApplication.php(282): CController->run('update')
#13 /srv/http/veber2/framework/web/CWebApplication.php(141): CWebApplication->runController('admin/products/...')
#14 /srv/http/veber2/framework/base/CApplication.php(185): CWebApplication->processRequest()
#15 /srv/http/veber2/www/index.php(13): CApplication->run()
#16 {main}
REQUEST_URI=/admin/products/update/id/vendors/jquery-1.9.1.min.js
HTTP_REFERER=http://veber2.loc/admin/products/update/id/1
---
2017/04/24 19:02:48 [error] [exception.CHttpException.404] CHttpException: The requested page does not exist. in /srv/http/veber2/www/protected/modules/admin/controllers/ProductsController.php:149
Stack trace:
#0 /srv/http/veber2/www/protected/modules/admin/controllers/ProductsController.php(90): ProductsController->loadModel('bootstrap')
#1 [internal function]: ProductsController->actionUpdate('bootstrap')
#2 /srv/http/veber2/framework/web/actions/CAction.php(109): ReflectionMethod->invokeArgs(Object(ProductsController), Array)
#3 /srv/http/veber2/framework/web/actions/CInlineAction.php(47): CAction->runWithParamsInternal(Object(ProductsController), Object(ReflectionMethod), Array)
#4 /srv/http/veber2/framework/web/CController.php(308): CInlineAction->runWithParams(Array)
#5 /srv/http/veber2/framework/web/filters/CFilterChain.php(133): CController->runAction(Object(CInlineAction))
#6 /srv/http/veber2/framework/web/filters/CFilter.php(40): CFilterChain->run()
#7 /srv/http/veber2/framework/web/CController.php(1145): CFilter->filter(Object(CFilterChain))
#8 /srv/http/veber2/framework/web/filters/CInlineFilter.php(58): CController->filterAccessControl(Object(CFilterChain))
#9 /srv/http/veber2/framework/web/filters/CFilterChain.php(130): CInlineFilter->filter(Object(CFilterChain))
#10 /srv/http/veber2/framework/web/CController.php(291): CFilterChain->run()
#11 /srv/http/veber2/framework/web/CController.php(265): CController->runActionWithFilters(Object(CInlineAction), Array)
#12 /srv/http/veber2/framework/web/CWebApplication.php(282): CController->run('update')
#13 /srv/http/veber2/framework/web/CWebApplication.php(141): CWebApplication->runController('admin/products/...')
#14 /srv/http/veber2/framework/base/CApplication.php(185): CWebApplication->processRequest()
#15 /srv/http/veber2/www/index.php(13): CApplication->run()
#16 {main}
REQUEST_URI=/admin/products/update/id/bootstrap/js/bootstrap.min.js
HTTP_REFERER=http://veber2.loc/admin/products/update/id/1
---
2017/04/24 19:02:48 [error] [exception.CHttpException.404] CHttpException: The requested page does not exist. in /srv/http/veber2/www/protected/modules/admin/controllers/ProductsController.php:149
Stack trace:
#0 /srv/http/veber2/www/protected/modules/admin/controllers/ProductsController.php(90): ProductsController->loadModel('assets')
#1 [internal function]: ProductsController->actionUpdate('assets')
#2 /srv/http/veber2/framework/web/actions/CAction.php(109): ReflectionMethod->invokeArgs(Object(ProductsController), Array)
#3 /srv/http/veber2/framework/web/actions/CInlineAction.php(47): CAction->runWithParamsInternal(Object(ProductsController), Object(ReflectionMethod), Array)
#4 /srv/http/veber2/framework/web/CController.php(308): CInlineAction->runWithParams(Array)
#5 /srv/http/veber2/framework/web/filters/CFilterChain.php(133): CController->runAction(Object(CInlineAction))
#6 /srv/http/veber2/framework/web/filters/CFilter.php(40): CFilterChain->run()
#7 /srv/http/veber2/framework/web/CController.php(1145): CFilter->filter(Object(CFilterChain))
#8 /srv/http/veber2/framework/web/filters/CInlineFilter.php(58): CController->filterAccessControl(Object(CFilterChain))
#9 /srv/http/veber2/framework/web/filters/CFilterChain.php(130): CInlineFilter->filter(Object(CFilterChain))
#10 /srv/http/veber2/framework/web/CController.php(291): CFilterChain->run()
#11 /srv/http/veber2/framework/web/CController.php(265): CController->runActionWithFilters(Object(CInlineAction), Array)
#12 /srv/http/veber2/framework/web/CWebApplication.php(282): CController->run('update')
#13 /srv/http/veber2/framework/web/CWebApplication.php(141): CWebApplication->runController('admin/products/...')
#14 /srv/http/veber2/framework/base/CApplication.php(185): CWebApplication->processRequest()
#15 /srv/http/veber2/www/index.php(13): CApplication->run()
#16 {main}
REQUEST_URI=/admin/products/update/id/assets/scripts.js
HTTP_REFERER=http://veber2.loc/admin/products/update/id/1
---
2017/04/24 19:02:48 [error] [exception.CHttpException.404] CHttpException: The requested page does not exist. in /srv/http/veber2/www/protected/modules/admin/controllers/ProductsController.php:149
Stack trace:
#0 /srv/http/veber2/www/protected/modules/admin/controllers/ProductsController.php(90): ProductsController->loadModel('vendors')
#1 [internal function]: ProductsController->actionUpdate('vendors')
#2 /srv/http/veber2/framework/web/actions/CAction.php(109): ReflectionMethod->invokeArgs(Object(ProductsController), Array)
#3 /srv/http/veber2/framework/web/actions/CInlineAction.php(47): CAction->runWithParamsInternal(Object(ProductsController), Object(ReflectionMethod), Array)
#4 /srv/http/veber2/framework/web/CController.php(308): CInlineAction->runWithParams(Array)
#5 /srv/http/veber2/framework/web/filters/CFilterChain.php(133): CController->runAction(Object(CInlineAction))
#6 /srv/http/veber2/framework/web/filters/CFilter.php(40): CFilterChain->run()
#7 /srv/http/veber2/framework/web/CController.php(1145): CFilter->filter(Object(CFilterChain))
#8 /srv/http/veber2/framework/web/filters/CInlineFilter.php(58): CController->filterAccessControl(Object(CFilterChain))
#9 /srv/http/veber2/framework/web/filters/CFilterChain.php(130): CInlineFilter->filter(Object(CFilterChain))
#10 /srv/http/veber2/framework/web/CController.php(291): CFilterChain->run()
#11 /srv/http/veber2/framework/web/CController.php(265): CController->runActionWithFilters(Object(CInlineAction), Array)
#12 /srv/http/veber2/framework/web/CWebApplication.php(282): CController->run('update')
#13 /srv/http/veber2/framework/web/CWebApplication.php(141): CWebApplication->runController('admin/products/...')
#14 /srv/http/veber2/framework/base/CApplication.php(185): CWebApplication->processRequest()
#15 /srv/http/veber2/www/index.php(13): CApplication->run()
#16 {main}
REQUEST_URI=/admin/products/update/id/vendors/jquery-1.9.1.min.js
HTTP_REFERER=http://veber2.loc/admin/products/update/id/1
---
2017/04/24 19:02:48 [error] [exception.CHttpException.404] CHttpException: The requested page does not exist. in /srv/http/veber2/www/protected/modules/admin/controllers/ProductsController.php:149
Stack trace:
#0 /srv/http/veber2/www/protected/modules/admin/controllers/ProductsController.php(90): ProductsController->loadModel('vendors')
#1 [internal function]: ProductsController->actionUpdate('vendors')
#2 /srv/http/veber2/framework/web/actions/CAction.php(109): ReflectionMethod->invokeArgs(Object(ProductsController), Array)
#3 /srv/http/veber2/framework/web/actions/CInlineAction.php(47): CAction->runWithParamsInternal(Object(ProductsController), Object(ReflectionMethod), Array)
#4 /srv/http/veber2/framework/web/CController.php(308): CInlineAction->runWithParams(Array)
#5 /srv/http/veber2/framework/web/filters/CFilterChain.php(133): CController->runAction(Object(CInlineAction))
#6 /srv/http/veber2/framework/web/filters/CFilter.php(40): CFilterChain->run()
#7 /srv/http/veber2/framework/web/CController.php(1145): CFilter->filter(Object(CFilterChain))
#8 /srv/http/veber2/framework/web/filters/CInlineFilter.php(58): CController->filterAccessControl(Object(CFilterChain))
#9 /srv/http/veber2/framework/web/filters/CFilterChain.php(130): CInlineFilter->filter(Object(CFilterChain))
#10 /srv/http/veber2/framework/web/CController.php(291): CFilterChain->run()
#11 /srv/http/veber2/framework/web/CController.php(265): CController->runActionWithFilters(Object(CInlineAction), Array)
#12 /srv/http/veber2/framework/web/CWebApplication.php(282): CController->run('update')
#13 /srv/http/veber2/framework/web/CWebApplication.php(141): CWebApplication->runController('admin/products/...')
#14 /srv/http/veber2/framework/base/CApplication.php(185): CWebApplication->processRequest()
#15 /srv/http/veber2/www/index.php(13): CApplication->run()
#16 {main}
REQUEST_URI=/admin/products/update/id/vendors/easypiechart/jquery.easy-pie-chart.js
HTTP_REFERER=http://veber2.loc/admin/products/update/id/1
---
2017/04/24 19:02:48 [error] [exception.CHttpException.404] CHttpException: The requested page does not exist. in /srv/http/veber2/www/protected/modules/admin/controllers/ProductsController.php:149
Stack trace:
#0 /srv/http/veber2/www/protected/modules/admin/controllers/ProductsController.php(90): ProductsController->loadModel('bootstrap')
#1 [internal function]: ProductsController->actionUpdate('bootstrap')
#2 /srv/http/veber2/framework/web/actions/CAction.php(109): ReflectionMethod->invokeArgs(Object(ProductsController), Array)
#3 /srv/http/veber2/framework/web/actions/CInlineAction.php(47): CAction->runWithParamsInternal(Object(ProductsController), Object(ReflectionMethod), Array)
#4 /srv/http/veber2/framework/web/CController.php(308): CInlineAction->runWithParams(Array)
#5 /srv/http/veber2/framework/web/filters/CFilterChain.php(133): CController->runAction(Object(CInlineAction))
#6 /srv/http/veber2/framework/web/filters/CFilter.php(40): CFilterChain->run()
#7 /srv/http/veber2/framework/web/CController.php(1145): CFilter->filter(Object(CFilterChain))
#8 /srv/http/veber2/framework/web/filters/CInlineFilter.php(58): CController->filterAccessControl(Object(CFilterChain))
#9 /srv/http/veber2/framework/web/filters/CFilterChain.php(130): CInlineFilter->filter(Object(CFilterChain))
#10 /srv/http/veber2/framework/web/CController.php(291): CFilterChain->run()
#11 /srv/http/veber2/framework/web/CController.php(265): CController->runActionWithFilters(Object(CInlineAction), Array)
#12 /srv/http/veber2/framework/web/CWebApplication.php(282): CController->run('update')
#13 /srv/http/veber2/framework/web/CWebApplication.php(141): CWebApplication->runController('admin/products/...')
#14 /srv/http/veber2/framework/base/CApplication.php(185): CWebApplication->processRequest()
#15 /srv/http/veber2/www/index.php(13): CApplication->run()
#16 {main}
REQUEST_URI=/admin/products/update/id/bootstrap/js/bootstrap.min.js
HTTP_REFERER=http://veber2.loc/admin/products/update/id/1
---
2017/04/24 19:02:48 [error] [exception.CHttpException.404] CHttpException: The requested page does not exist. in /srv/http/veber2/www/protected/modules/admin/controllers/ProductsController.php:149
Stack trace:
#0 /srv/http/veber2/www/protected/modules/admin/controllers/ProductsController.php(90): ProductsController->loadModel('vendors')
#1 [internal function]: ProductsController->actionUpdate('vendors')
#2 /srv/http/veber2/framework/web/actions/CAction.php(109): ReflectionMethod->invokeArgs(Object(ProductsController), Array)
#3 /srv/http/veber2/framework/web/actions/CInlineAction.php(47): CAction->runWithParamsInternal(Object(ProductsController), Object(ReflectionMethod), Array)
#4 /srv/http/veber2/framework/web/CController.php(308): CInlineAction->runWithParams(Array)
#5 /srv/http/veber2/framework/web/filters/CFilterChain.php(133): CController->runAction(Object(CInlineAction))
#6 /srv/http/veber2/framework/web/filters/CFilter.php(40): CFilterChain->run()
#7 /srv/http/veber2/framework/web/CController.php(1145): CFilter->filter(Object(CFilterChain))
#8 /srv/http/veber2/framework/web/filters/CInlineFilter.php(58): CController->filterAccessControl(Object(CFilterChain))
#9 /srv/http/veber2/framework/web/filters/CFilterChain.php(130): CInlineFilter->filter(Object(CFilterChain))
#10 /srv/http/veber2/framework/web/CController.php(291): CFilterChain->run()
#11 /srv/http/veber2/framework/web/CController.php(265): CController->runActionWithFilters(Object(CInlineAction), Array)
#12 /srv/http/veber2/framework/web/CWebApplication.php(282): CController->run('update')
#13 /srv/http/veber2/framework/web/CWebApplication.php(141): CWebApplication->runController('admin/products/...')
#14 /srv/http/veber2/framework/base/CApplication.php(185): CWebApplication->processRequest()
#15 /srv/http/veber2/www/index.php(13): CApplication->run()
#16 {main}
REQUEST_URI=/admin/products/update/id/vendors/easypiechart/jquery.easy-pie-chart.js
HTTP_REFERER=http://veber2.loc/admin/products/update/id/1
---
2017/04/24 19:02:48 [error] [exception.CHttpException.404] CHttpException: The requested page does not exist. in /srv/http/veber2/www/protected/modules/admin/controllers/ProductsController.php:149
Stack trace:
#0 /srv/http/veber2/www/protected/modules/admin/controllers/ProductsController.php(90): ProductsController->loadModel('assets')
#1 [internal function]: ProductsController->actionUpdate('assets')
#2 /srv/http/veber2/framework/web/actions/CAction.php(109): ReflectionMethod->invokeArgs(Object(ProductsController), Array)
#3 /srv/http/veber2/framework/web/actions/CInlineAction.php(47): CAction->runWithParamsInternal(Object(ProductsController), Object(ReflectionMethod), Array)
#4 /srv/http/veber2/framework/web/CController.php(308): CInlineAction->runWithParams(Array)
#5 /srv/http/veber2/framework/web/filters/CFilterChain.php(133): CController->runAction(Object(CInlineAction))
#6 /srv/http/veber2/framework/web/filters/CFilter.php(40): CFilterChain->run()
#7 /srv/http/veber2/framework/web/CController.php(1145): CFilter->filter(Object(CFilterChain))
#8 /srv/http/veber2/framework/web/filters/CInlineFilter.php(58): CController->filterAccessControl(Object(CFilterChain))
#9 /srv/http/veber2/framework/web/filters/CFilterChain.php(130): CInlineFilter->filter(Object(CFilterChain))
#10 /srv/http/veber2/framework/web/CController.php(291): CFilterChain->run()
#11 /srv/http/veber2/framework/web/CController.php(265): CController->runActionWithFilters(Object(CInlineAction), Array)
#12 /srv/http/veber2/framework/web/CWebApplication.php(282): CController->run('update')
#13 /srv/http/veber2/framework/web/CWebApplication.php(141): CWebApplication->runController('admin/products/...')
#14 /srv/http/veber2/framework/base/CApplication.php(185): CWebApplication->processRequest()
#15 /srv/http/veber2/www/index.php(13): CApplication->run()
#16 {main}
REQUEST_URI=/admin/products/update/id/assets/scripts.js
HTTP_REFERER=http://veber2.loc/admin/products/update/id/1
---
2017/04/24 19:02:48 [error] [exception.CHttpException.404] CHttpException: Невозможно обработать запрос "assets/f204f146/contents.css". in /srv/http/veber2/framework/web/CWebApplication.php:286
Stack trace:
#0 /srv/http/veber2/framework/web/CWebApplication.php(141): CWebApplication->runController('assets/f204f146...')
#1 /srv/http/veber2/framework/base/CApplication.php(185): CWebApplication->processRequest()
#2 /srv/http/veber2/www/index.php(13): CApplication->run()
#3 {main}
REQUEST_URI=/assets/f204f146/contents.css
---
2017/04/24 19:03:18 [error] [exception.CHttpException.404] CHttpException: The requested page does not exist. in /srv/http/veber2/www/protected/modules/admin/controllers/ProductsController.php:149
Stack trace:
#0 /srv/http/veber2/www/protected/modules/admin/controllers/ProductsController.php(90): ProductsController->loadModel('vendors')
#1 [internal function]: ProductsController->actionUpdate('vendors')
#2 /srv/http/veber2/framework/web/actions/CAction.php(109): ReflectionMethod->invokeArgs(Object(ProductsController), Array)
#3 /srv/http/veber2/framework/web/actions/CInlineAction.php(47): CAction->runWithParamsInternal(Object(ProductsController), Object(ReflectionMethod), Array)
#4 /srv/http/veber2/framework/web/CController.php(308): CInlineAction->runWithParams(Array)
#5 /srv/http/veber2/framework/web/filters/CFilterChain.php(133): CController->runAction(Object(CInlineAction))
#6 /srv/http/veber2/framework/web/filters/CFilter.php(40): CFilterChain->run()
#7 /srv/http/veber2/framework/web/CController.php(1145): CFilter->filter(Object(CFilterChain))
#8 /srv/http/veber2/framework/web/filters/CInlineFilter.php(58): CController->filterAccessControl(Object(CFilterChain))
#9 /srv/http/veber2/framework/web/filters/CFilterChain.php(130): CInlineFilter->filter(Object(CFilterChain))
#10 /srv/http/veber2/framework/web/CController.php(291): CFilterChain->run()
#11 /srv/http/veber2/framework/web/CController.php(265): CController->runActionWithFilters(Object(CInlineAction), Array)
#12 /srv/http/veber2/framework/web/CWebApplication.php(282): CController->run('update')
#13 /srv/http/veber2/framework/web/CWebApplication.php(141): CWebApplication->runController('admin/products/...')
#14 /srv/http/veber2/framework/base/CApplication.php(185): CWebApplication->processRequest()
#15 /srv/http/veber2/www/index.php(13): CApplication->run()
#16 {main}
REQUEST_URI=/admin/products/update/id/vendors/modernizr-2.6.2-respond-1.1.0.min.js
HTTP_REFERER=http://veber2.loc/admin/products/update/id/1
---
2017/04/24 19:03:18 [error] [exception.CHttpException.404] CHttpException: The requested page does not exist. in /srv/http/veber2/www/protected/modules/admin/controllers/ProductsController.php:149
Stack trace:
#0 /srv/http/veber2/www/protected/modules/admin/controllers/ProductsController.php(90): ProductsController->loadModel('vendors')
#1 [internal function]: ProductsController->actionUpdate('vendors')
#2 /srv/http/veber2/framework/web/actions/CAction.php(109): ReflectionMethod->invokeArgs(Object(ProductsController), Array)
#3 /srv/http/veber2/framework/web/actions/CInlineAction.php(47): CAction->runWithParamsInternal(Object(ProductsController), Object(ReflectionMethod), Array)
#4 /srv/http/veber2/framework/web/CController.php(308): CInlineAction->runWithParams(Array)
#5 /srv/http/veber2/framework/web/filters/CFilterChain.php(133): CController->runAction(Object(CInlineAction))
#6 /srv/http/veber2/framework/web/filters/CFilter.php(40): CFilterChain->run()
#7 /srv/http/veber2/framework/web/CController.php(1145): CFilter->filter(Object(CFilterChain))
#8 /srv/http/veber2/framework/web/filters/CInlineFilter.php(58): CController->filterAccessControl(Object(CFilterChain))
#9 /srv/http/veber2/framework/web/filters/CFilterChain.php(130): CInlineFilter->filter(Object(CFilterChain))
#10 /srv/http/veber2/framework/web/CController.php(291): CFilterChain->run()
#11 /srv/http/veber2/framework/web/CController.php(265): CController->runActionWithFilters(Object(CInlineAction), Array)
#12 /srv/http/veber2/framework/web/CWebApplication.php(282): CController->run('update')
#13 /srv/http/veber2/framework/web/CWebApplication.php(141): CWebApplication->runController('admin/products/...')
#14 /srv/http/veber2/framework/base/CApplication.php(185): CWebApplication->processRequest()
#15 /srv/http/veber2/www/index.php(13): CApplication->run()
#16 {main}
REQUEST_URI=/admin/products/update/id/vendors/jquery-1.9.1.min.js
HTTP_REFERER=http://veber2.loc/admin/products/update/id/1
---
2017/04/24 19:03:18 [error] [exception.CHttpException.404] CHttpException: The requested page does not exist. in /srv/http/veber2/www/protected/modules/admin/controllers/ProductsController.php:149
Stack trace:
#0 /srv/http/veber2/www/protected/modules/admin/controllers/ProductsController.php(90): ProductsController->loadModel('bootstrap')
#1 [internal function]: ProductsController->actionUpdate('bootstrap')
#2 /srv/http/veber2/framework/web/actions/CAction.php(109): ReflectionMethod->invokeArgs(Object(ProductsController), Array)
#3 /srv/http/veber2/framework/web/actions/CInlineAction.php(47): CAction->runWithParamsInternal(Object(ProductsController), Object(ReflectionMethod), Array)
#4 /srv/http/veber2/framework/web/CController.php(308): CInlineAction->runWithParams(Array)
#5 /srv/http/veber2/framework/web/filters/CFilterChain.php(133): CController->runAction(Object(CInlineAction))
#6 /srv/http/veber2/framework/web/filters/CFilter.php(40): CFilterChain->run()
#7 /srv/http/veber2/framework/web/CController.php(1145): CFilter->filter(Object(CFilterChain))
#8 /srv/http/veber2/framework/web/filters/CInlineFilter.php(58): CController->filterAccessControl(Object(CFilterChain))
#9 /srv/http/veber2/framework/web/filters/CFilterChain.php(130): CInlineFilter->filter(Object(CFilterChain))
#10 /srv/http/veber2/framework/web/CController.php(291): CFilterChain->run()
#11 /srv/http/veber2/framework/web/CController.php(265): CController->runActionWithFilters(Object(CInlineAction), Array)
#12 /srv/http/veber2/framework/web/CWebApplication.php(282): CController->run('update')
#13 /srv/http/veber2/framework/web/CWebApplication.php(141): CWebApplication->runController('admin/products/...')
#14 /srv/http/veber2/framework/base/CApplication.php(185): CWebApplication->processRequest()
#15 /srv/http/veber2/www/index.php(13): CApplication->run()
#16 {main}
REQUEST_URI=/admin/products/update/id/bootstrap/js/bootstrap.min.js
HTTP_REFERER=http://veber2.loc/admin/products/update/id/1
---
2017/04/24 19:03:18 [error] [exception.CHttpException.404] CHttpException: The requested page does not exist. in /srv/http/veber2/www/protected/modules/admin/controllers/ProductsController.php:149
Stack trace:
#0 /srv/http/veber2/www/protected/modules/admin/controllers/ProductsController.php(90): ProductsController->loadModel('vendors')
#1 [internal function]: ProductsController->actionUpdate('vendors')
#2 /srv/http/veber2/framework/web/actions/CAction.php(109): ReflectionMethod->invokeArgs(Object(ProductsController), Array)
#3 /srv/http/veber2/framework/web/actions/CInlineAction.php(47): CAction->runWithParamsInternal(Object(ProductsController), Object(ReflectionMethod), Array)
#4 /srv/http/veber2/framework/web/CController.php(308): CInlineAction->runWithParams(Array)
#5 /srv/http/veber2/framework/web/filters/CFilterChain.php(133): CController->runAction(Object(CInlineAction))
#6 /srv/http/veber2/framework/web/filters/CFilter.php(40): CFilterChain->run()
#7 /srv/http/veber2/framework/web/CController.php(1145): CFilter->filter(Object(CFilterChain))
#8 /srv/http/veber2/framework/web/filters/CInlineFilter.php(58): CController->filterAccessControl(Object(CFilterChain))
#9 /srv/http/veber2/framework/web/filters/CFilterChain.php(130): CInlineFilter->filter(Object(CFilterChain))
#10 /srv/http/veber2/framework/web/CController.php(291): CFilterChain->run()
#11 /srv/http/veber2/framework/web/CController.php(265): CController->runActionWithFilters(Object(CInlineAction), Array)
#12 /srv/http/veber2/framework/web/CWebApplication.php(282): CController->run('update')
#13 /srv/http/veber2/framework/web/CWebApplication.php(141): CWebApplication->runController('admin/products/...')
#14 /srv/http/veber2/framework/base/CApplication.php(185): CWebApplication->processRequest()
#15 /srv/http/veber2/www/index.php(13): CApplication->run()
#16 {main}
REQUEST_URI=/admin/products/update/id/vendors/easypiechart/jquery.easy-pie-chart.js
HTTP_REFERER=http://veber2.loc/admin/products/update/id/1
---
2017/04/24 19:03:18 [error] [exception.CHttpException.404] CHttpException: The requested page does not exist. in /srv/http/veber2/www/protected/modules/admin/controllers/ProductsController.php:149
Stack trace:
#0 /srv/http/veber2/www/protected/modules/admin/controllers/ProductsController.php(90): ProductsController->loadModel('vendors')
#1 [internal function]: ProductsController->actionUpdate('vendors')
#2 /srv/http/veber2/framework/web/actions/CAction.php(109): ReflectionMethod->invokeArgs(Object(ProductsController), Array)
#3 /srv/http/veber2/framework/web/actions/CInlineAction.php(47): CAction->runWithParamsInternal(Object(ProductsController), Object(ReflectionMethod), Array)
#4 /srv/http/veber2/framework/web/CController.php(308): CInlineAction->runWithParams(Array)
#5 /srv/http/veber2/framework/web/filters/CFilterChain.php(133): CController->runAction(Object(CInlineAction))
#6 /srv/http/veber2/framework/web/filters/CFilter.php(40): CFilterChain->run()
#7 /srv/http/veber2/framework/web/CController.php(1145): CFilter->filter(Object(CFilterChain))
#8 /srv/http/veber2/framework/web/filters/CInlineFilter.php(58): CController->filterAccessControl(Object(CFilterChain))
#9 /srv/http/veber2/framework/web/filters/CFilterChain.php(130): CInlineFilter->filter(Object(CFilterChain))
#10 /srv/http/veber2/framework/web/CController.php(291): CFilterChain->run()
#11 /srv/http/veber2/framework/web/CController.php(265): CController->runActionWithFilters(Object(CInlineAction), Array)
#12 /srv/http/veber2/framework/web/CWebApplication.php(282): CController->run('update')
#13 /srv/http/veber2/framework/web/CWebApplication.php(141): CWebApplication->runController('admin/products/...')
#14 /srv/http/veber2/framework/base/CApplication.php(185): CWebApplication->processRequest()
#15 /srv/http/veber2/www/index.php(13): CApplication->run()
#16 {main}
REQUEST_URI=/admin/products/update/id/vendors/jquery-1.9.1.min.js
HTTP_REFERER=http://veber2.loc/admin/products/update/id/1
---
2017/04/24 19:03:18 [error] [exception.CHttpException.404] CHttpException: The requested page does not exist. in /srv/http/veber2/www/protected/modules/admin/controllers/ProductsController.php:149
Stack trace:
#0 /srv/http/veber2/www/protected/modules/admin/controllers/ProductsController.php(90): ProductsController->loadModel('assets')
#1 [internal function]: ProductsController->actionUpdate('assets')
#2 /srv/http/veber2/framework/web/actions/CAction.php(109): ReflectionMethod->invokeArgs(Object(ProductsController), Array)
#3 /srv/http/veber2/framework/web/actions/CInlineAction.php(47): CAction->runWithParamsInternal(Object(ProductsController), Object(ReflectionMethod), Array)
#4 /srv/http/veber2/framework/web/CController.php(308): CInlineAction->runWithParams(Array)
#5 /srv/http/veber2/framework/web/filters/CFilterChain.php(133): CController->runAction(Object(CInlineAction))
#6 /srv/http/veber2/framework/web/filters/CFilter.php(40): CFilterChain->run()
#7 /srv/http/veber2/framework/web/CController.php(1145): CFilter->filter(Object(CFilterChain))
#8 /srv/http/veber2/framework/web/filters/CInlineFilter.php(58): CController->filterAccessControl(Object(CFilterChain))
#9 /srv/http/veber2/framework/web/filters/CFilterChain.php(130): CInlineFilter->filter(Object(CFilterChain))
#10 /srv/http/veber2/framework/web/CController.php(291): CFilterChain->run()
#11 /srv/http/veber2/framework/web/CController.php(265): CController->runActionWithFilters(Object(CInlineAction), Array)
#12 /srv/http/veber2/framework/web/CWebApplication.php(282): CController->run('update')
#13 /srv/http/veber2/framework/web/CWebApplication.php(141): CWebApplication->runController('admin/products/...')
#14 /srv/http/veber2/framework/base/CApplication.php(185): CWebApplication->processRequest()
#15 /srv/http/veber2/www/index.php(13): CApplication->run()
#16 {main}
REQUEST_URI=/admin/products/update/id/assets/scripts.js
HTTP_REFERER=http://veber2.loc/admin/products/update/id/1
---
2017/04/24 19:03:18 [error] [exception.CHttpException.404] CHttpException: The requested page does not exist. in /srv/http/veber2/www/protected/modules/admin/controllers/ProductsController.php:149
Stack trace:
#0 /srv/http/veber2/www/protected/modules/admin/controllers/ProductsController.php(90): ProductsController->loadModel('bootstrap')
#1 [internal function]: ProductsController->actionUpdate('bootstrap')
#2 /srv/http/veber2/framework/web/actions/CAction.php(109): ReflectionMethod->invokeArgs(Object(ProductsController), Array)
#3 /srv/http/veber2/framework/web/actions/CInlineAction.php(47): CAction->runWithParamsInternal(Object(ProductsController), Object(ReflectionMethod), Array)
#4 /srv/http/veber2/framework/web/CController.php(308): CInlineAction->runWithParams(Array)
#5 /srv/http/veber2/framework/web/filters/CFilterChain.php(133): CController->runAction(Object(CInlineAction))
#6 /srv/http/veber2/framework/web/filters/CFilter.php(40): CFilterChain->run()
#7 /srv/http/veber2/framework/web/CController.php(1145): CFilter->filter(Object(CFilterChain))
#8 /srv/http/veber2/framework/web/filters/CInlineFilter.php(58): CController->filterAccessControl(Object(CFilterChain))
#9 /srv/http/veber2/framework/web/filters/CFilterChain.php(130): CInlineFilter->filter(Object(CFilterChain))
#10 /srv/http/veber2/framework/web/CController.php(291): CFilterChain->run()
#11 /srv/http/veber2/framework/web/CController.php(265): CController->runActionWithFilters(Object(CInlineAction), Array)
#12 /srv/http/veber2/framework/web/CWebApplication.php(282): CController->run('update')
#13 /srv/http/veber2/framework/web/CWebApplication.php(141): CWebApplication->runController('admin/products/...')
#14 /srv/http/veber2/framework/base/CApplication.php(185): CWebApplication->processRequest()
#15 /srv/http/veber2/www/index.php(13): CApplication->run()
#16 {main}
REQUEST_URI=/admin/products/update/id/bootstrap/js/bootstrap.min.js
HTTP_REFERER=http://veber2.loc/admin/products/update/id/1
---
2017/04/24 19:03:18 [error] [exception.CHttpException.404] CHttpException: The requested page does not exist. in /srv/http/veber2/www/protected/modules/admin/controllers/ProductsController.php:149
Stack trace:
#0 /srv/http/veber2/www/protected/modules/admin/controllers/ProductsController.php(90): ProductsController->loadModel('vendors')
#1 [internal function]: ProductsController->actionUpdate('vendors')
#2 /srv/http/veber2/framework/web/actions/CAction.php(109): ReflectionMethod->invokeArgs(Object(ProductsController), Array)
#3 /srv/http/veber2/framework/web/actions/CInlineAction.php(47): CAction->runWithParamsInternal(Object(ProductsController), Object(ReflectionMethod), Array)
#4 /srv/http/veber2/framework/web/CController.php(308): CInlineAction->runWithParams(Array)
#5 /srv/http/veber2/framework/web/filters/CFilterChain.php(133): CController->runAction(Object(CInlineAction))
#6 /srv/http/veber2/framework/web/filters/CFilter.php(40): CFilterChain->run()
#7 /srv/http/veber2/framework/web/CController.php(1145): CFilter->filter(Object(CFilterChain))
#8 /srv/http/veber2/framework/web/filters/CInlineFilter.php(58): CController->filterAccessControl(Object(CFilterChain))
#9 /srv/http/veber2/framework/web/filters/CFilterChain.php(130): CInlineFilter->filter(Object(CFilterChain))
#10 /srv/http/veber2/framework/web/CController.php(291): CFilterChain->run()
#11 /srv/http/veber2/framework/web/CController.php(265): CController->runActionWithFilters(Object(CInlineAction), Array)
#12 /srv/http/veber2/framework/web/CWebApplication.php(282): CController->run('update')
#13 /srv/http/veber2/framework/web/CWebApplication.php(141): CWebApplication->runController('admin/products/...')
#14 /srv/http/veber2/framework/base/CApplication.php(185): CWebApplication->processRequest()
#15 /srv/http/veber2/www/index.php(13): CApplication->run()
#16 {main}
REQUEST_URI=/admin/products/update/id/vendors/easypiechart/jquery.easy-pie-chart.js
HTTP_REFERER=http://veber2.loc/admin/products/update/id/1
---
2017/04/24 19:03:18 [error] [exception.CHttpException.404] CHttpException: The requested page does not exist. in /srv/http/veber2/www/protected/modules/admin/controllers/ProductsController.php:149
Stack trace:
#0 /srv/http/veber2/www/protected/modules/admin/controllers/ProductsController.php(90): ProductsController->loadModel('assets')
#1 [internal function]: ProductsController->actionUpdate('assets')
#2 /srv/http/veber2/framework/web/actions/CAction.php(109): ReflectionMethod->invokeArgs(Object(ProductsController), Array)
#3 /srv/http/veber2/framework/web/actions/CInlineAction.php(47): CAction->runWithParamsInternal(Object(ProductsController), Object(ReflectionMethod), Array)
#4 /srv/http/veber2/framework/web/CController.php(308): CInlineAction->runWithParams(Array)
#5 /srv/http/veber2/framework/web/filters/CFilterChain.php(133): CController->runAction(Object(CInlineAction))
#6 /srv/http/veber2/framework/web/filters/CFilter.php(40): CFilterChain->run()
#7 /srv/http/veber2/framework/web/CController.php(1145): CFilter->filter(Object(CFilterChain))
#8 /srv/http/veber2/framework/web/filters/CInlineFilter.php(58): CController->filterAccessControl(Object(CFilterChain))
#9 /srv/http/veber2/framework/web/filters/CFilterChain.php(130): CInlineFilter->filter(Object(CFilterChain))
#10 /srv/http/veber2/framework/web/CController.php(291): CFilterChain->run()
#11 /srv/http/veber2/framework/web/CController.php(265): CController->runActionWithFilters(Object(CInlineAction), Array)
#12 /srv/http/veber2/framework/web/CWebApplication.php(282): CController->run('update')
#13 /srv/http/veber2/framework/web/CWebApplication.php(141): CWebApplication->runController('admin/products/...')
#14 /srv/http/veber2/framework/base/CApplication.php(185): CWebApplication->processRequest()
#15 /srv/http/veber2/www/index.php(13): CApplication->run()
#16 {main}
REQUEST_URI=/admin/products/update/id/assets/scripts.js
HTTP_REFERER=http://veber2.loc/admin/products/update/id/1
---
2017/04/24 19:03:18 [error] [exception.CHttpException.404] CHttpException: Невозможно обработать запрос "assets/f204f146/contents.css". in /srv/http/veber2/framework/web/CWebApplication.php:286
Stack trace:
#0 /srv/http/veber2/framework/web/CWebApplication.php(141): CWebApplication->runController('assets/f204f146...')
#1 /srv/http/veber2/framework/base/CApplication.php(185): CWebApplication->processRequest()
#2 /srv/http/veber2/www/index.php(13): CApplication->run()
#3 {main}
REQUEST_URI=/assets/f204f146/contents.css
---
